[14-Jun-2015 22:03:41 UTC] PHP Fatal error:  Call to a member function query() on a non-object in /home/ubuntu/workspace/cflats/campus-flats/RentersWeb/resources/form-3/register.php on line 44
[14-Jun-2015 22:03:41 UTC] PHP Stack trace:
[14-Jun-2015 22:03:41 UTC] PHP   1. {main}() /home/ubuntu/workspace/cflats/campus-flats/RentersWeb/resources/form-3/register.php:0
[14-Jun-2015 22:03:41 UTC] PHP   2. Registration->post_to_db() /home/ubuntu/workspace/cflats/campus-flats/RentersWeb/resources/form-3/register.php:64
[14-Jun-2015 22:08:53 UTC] PHP Fatal error:  Call to a member function query() on a non-object in /home/ubuntu/workspace/cflats/campus-flats/RentersWeb/resources/form-3/register.php on line 44
[14-Jun-2015 22:08:53 UTC] PHP Stack trace:
[14-Jun-2015 22:08:53 UTC] PHP   1. {main}() /home/ubuntu/workspace/cflats/campus-flats/RentersWeb/resources/form-3/register.php:0
[14-Jun-2015 22:08:53 UTC] PHP   2. Registration->post_to_db() /home/ubuntu/workspace/cflats/campus-flats/RentersWeb/resources/form-3/register.php:64
[14-Jun-2015 22:16:30 UTC] PHP Parse error:  syntax error, unexpected '(', expecting ',' or ';' in /home/ubuntu/workspace/cflats/campus-flats/RentersWeb/resources/form-3/register.php on line 7
[14-Jun-2015 22:25:43 UTC] PHP Fatal error:  Call to a member function close() on a non-object in /home/ubuntu/workspace/cflats/campus-flats/RentersWeb/resources/form-3/register.php on line 47
[14-Jun-2015 22:25:43 UTC] PHP Stack trace:
[14-Jun-2015 22:25:43 UTC] PHP   1. {main}() /home/ubuntu/workspace/cflats/campus-flats/RentersWeb/resources/form-3/register.php:0
[14-Jun-2015 22:25:43 UTC] PHP   2. Registration->connect_to_db() /home/ubuntu/workspace/cflats/campus-flats/RentersWeb/resources/form-3/register.php:55
[14-Jun-2015 23:06:10 UTC] PHP Catchable fatal error:  Object of class Registration could not be converted to string in /home/ubuntu/workspace/cflats/campus-flats/RentersWeb/resources/form-3/register.php on line 39
[14-Jun-2015 23:06:10 UTC] PHP Stack trace:
[14-Jun-2015 23:06:10 UTC] PHP   1. {main}() /home/ubuntu/workspace/cflats/campus-flats/RentersWeb/resources/form-3/register.php:0
[14-Jun-2015 23:06:10 UTC] PHP   2. Registration->connect_to_db() /home/ubuntu/workspace/cflats/campus-flats/RentersWeb/resources/form-3/register.php:55
[15-Jun-2015 02:14:45 UTC] PHP Fatal error:  Call to undefined method mysqli::mysql_errno() in /home/ubuntu/workspace/cflats/campus-flats/RentersWeb/resources/form-3/register.php on line 44
[15-Jun-2015 02:14:45 UTC] PHP Stack trace:
[15-Jun-2015 02:14:45 UTC] PHP   1. {main}() /home/ubuntu/workspace/cflats/campus-flats/RentersWeb/resources/form-3/register.php:0
[15-Jun-2015 02:14:45 UTC] PHP   2. Registration->connect_to_db() /home/ubuntu/workspace/cflats/campus-flats/RentersWeb/resources/form-3/register.php:55
[16-Jun-2015 14:33:50 UTC] PHP Parse error:  syntax error, unexpected '{' in /home/ubuntu/workspace/cflats/campus-flats/RentersWeb/resources/form-3/register.php on line 45
[16-Jun-2015 14:34:11 UTC] PHP Parse error:  syntax error, unexpected '{' in /home/ubuntu/workspace/cflats/campus-flats/RentersWeb/resources/form-3/register.php on line 45
[18-Jun-2015 21:24:21 UTC] PHP Warning:  include(blah.php): failed to open stream: No such file or directory in /home/ubuntu/workspace/cflats/campus-flats/RentersWeb/resources/form-3/profile.php on line 1
[18-Jun-2015 21:24:21 UTC] PHP Stack trace:
[18-Jun-2015 21:24:21 UTC] PHP   1. {main}() /home/ubuntu/workspace/cflats/campus-flats/RentersWeb/resources/form-3/profile.php:0
[18-Jun-2015 21:24:21 UTC] PHP Warning:  include(): Failed opening 'blah.php' for inclusion (include_path='.:/usr/share/php:/usr/share/pear') in /home/ubuntu/workspace/cflats/campus-flats/RentersWeb/resources/form-3/profile.php on line 1
[18-Jun-2015 21:24:21 UTC] PHP Stack trace:
[18-Jun-2015 21:24:21 UTC] PHP   1. {main}() /home/ubuntu/workspace/cflats/campus-flats/RentersWeb/resources/form-3/profile.php:0
[18-Jun-2015 21:25:57 UTC] PHP Warning:  include(blah.php): failed to open stream: No such file or directory in /home/ubuntu/workspace/cflats/campus-flats/RentersWeb/resources/form-3/profile.php on line 1
[18-Jun-2015 21:25:58 UTC] PHP Stack trace:
[18-Jun-2015 21:25:58 UTC] PHP   1. {main}() /home/ubuntu/workspace/cflats/campus-flats/RentersWeb/resources/form-3/profile.php:0
[18-Jun-2015 21:25:58 UTC] PHP Warning:  include(): Failed opening 'blah.php' for inclusion (include_path='.:/usr/share/php:/usr/share/pear') in /home/ubuntu/workspace/cflats/campus-flats/RentersWeb/resources/form-3/profile.php on line 1
[18-Jun-2015 21:25:58 UTC] PHP Stack trace:
[18-Jun-2015 21:25:58 UTC] PHP   1. {main}() /home/ubuntu/workspace/cflats/campus-flats/RentersWeb/resources/form-3/profile.php:0
[18-Jun-2015 22:16:43 UTC] PHP Warning:  mysqli_query() expects parameter 1 to be mysqli, null given in /home/ubuntu/workspace/cflats/campus-flats/RentersWeb/resources/form-3/profile.php on line 4
[18-Jun-2015 22:16:43 UTC] PHP Stack trace:
[18-Jun-2015 22:16:43 UTC] PHP   1. {main}() /home/ubuntu/workspace/cflats/campus-flats/RentersWeb/resources/form-3/profile.php:0
[18-Jun-2015 22:16:43 UTC] PHP   2. mysqli_query() /home/ubuntu/workspace/cflats/campus-flats/RentersWeb/resources/form-3/profile.php:4
[19-Jun-2015 05:19:03 UTC] PHP Warning:  move_uploaded_file(/home/ubuntu/workspace/cflats/campus-flats/RentersWeb/resources/form-3/uploads/2015-03-01-005006.jpg): failed to open stream: No such file or directory in /home/ubuntu/workspace/cflats/campus-flats/RentersWeb/resources/form-3/upload.php on line 19
[19-Jun-2015 05:19:03 UTC] PHP Stack trace:
[19-Jun-2015 05:19:03 UTC] PHP   1. {main}() /home/ubuntu/workspace/cflats/campus-flats/RentersWeb/resources/form-3/upload.php:0
[19-Jun-2015 05:19:03 UTC] PHP   2. move_uploaded_file() /home/ubuntu/workspace/cflats/campus-flats/RentersWeb/resources/form-3/upload.php:19
[19-Jun-2015 05:19:03 UTC] PHP Warning:  move_uploaded_file(): Unable to move '/tmp/php2mGNyx' to '/home/ubuntu/workspace/cflats/campus-flats/RentersWeb/resources/form-3/uploads/2015-03-01-005006.jpg' in /home/ubuntu/workspace/cflats/campus-flats/RentersWeb/resources/form-3/upload.php on line 19
[19-Jun-2015 05:19:03 UTC] PHP Stack trace:
[19-Jun-2015 05:19:03 UTC] PHP   1. {main}() /home/ubuntu/workspace/cflats/campus-flats/RentersWeb/resources/form-3/upload.php:0
[19-Jun-2015 05:19:03 UTC] PHP   2. move_uploaded_file() /home/ubuntu/workspace/cflats/campus-flats/RentersWeb/resources/form-3/upload.php:19
[19-Jun-2015 05:25:52 UTC] PHP Warning:  move_uploaded_file(/home/ubuntu/workspace/cflats/campus-flats/RentersWeb/resources/form-3/uploads/2015-03-01-005029.jpg): failed to open stream: No such file or directory in /home/ubuntu/workspace/cflats/campus-flats/RentersWeb/resources/form-3/upload.php on line 19
[19-Jun-2015 05:25:52 UTC] PHP Stack trace:
[19-Jun-2015 05:25:52 UTC] PHP   1. {main}() /home/ubuntu/workspace/cflats/campus-flats/RentersWeb/resources/form-3/upload.php:0
[19-Jun-2015 05:25:52 UTC] PHP   2. move_uploaded_file() /home/ubuntu/workspace/cflats/campus-flats/RentersWeb/resources/form-3/upload.php:19
[19-Jun-2015 05:25:52 UTC] PHP Warning:  move_uploaded_file(): Unable to move '/tmp/phpTg6OYv' to '/home/ubuntu/workspace/cflats/campus-flats/RentersWeb/resources/form-3/uploads/2015-03-01-005029.jpg' in /home/ubuntu/workspace/cflats/campus-flats/RentersWeb/resources/form-3/upload.php on line 19
[19-Jun-2015 05:25:52 UTC] PHP Stack trace:
[19-Jun-2015 05:25:52 UTC] PHP   1. {main}() /home/ubuntu/workspace/cflats/campus-flats/RentersWeb/resources/form-3/upload.php:0
[19-Jun-2015 05:25:52 UTC] PHP   2. move_uploaded_file() /home/ubuntu/workspace/cflats/campus-flats/RentersWeb/resources/form-3/upload.php:19
[19-Jun-2015 15:26:25 UTC] PHP Warning:  move_uploaded_file(/home/ubuntu/workspace/cflats/campus-flats/RentersWeb/resources/form-3/uploads/8cff8c590c457c5cffa001307b333078.jpg): failed to open stream: No such file or directory in /home/ubuntu/workspace/cflats/campus-flats/RentersWeb/resources/form-3/upload.php on line 19
[19-Jun-2015 15:26:25 UTC] PHP Stack trace:
[19-Jun-2015 15:26:25 UTC] PHP   1. {main}() /home/ubuntu/workspace/cflats/campus-flats/RentersWeb/resources/form-3/upload.php:0
[19-Jun-2015 15:26:25 UTC] PHP   2. move_uploaded_file() /home/ubuntu/workspace/cflats/campus-flats/RentersWeb/resources/form-3/upload.php:19
[19-Jun-2015 15:26:25 UTC] PHP Warning:  move_uploaded_file(): Unable to move '/tmp/phpZGkZgt' to '/home/ubuntu/workspace/cflats/campus-flats/RentersWeb/resources/form-3/uploads/8cff8c590c457c5cffa001307b333078.jpg' in /home/ubuntu/workspace/cflats/campus-flats/RentersWeb/resources/form-3/upload.php on line 19
[19-Jun-2015 15:26:25 UTC] PHP Stack trace:
[19-Jun-2015 15:26:25 UTC] PHP   1. {main}() /home/ubuntu/workspace/cflats/campus-flats/RentersWeb/resources/form-3/upload.php:0
[19-Jun-2015 15:26:25 UTC] PHP   2. move_uploaded_file() /home/ubuntu/workspace/cflats/campus-flats/RentersWeb/resources/form-3/upload.php:19
[19-Jun-2015 15:27:45 UTC] PHP Warning:  move_uploaded_file(/home/ubuntu/workspace/cflats/campus-flats/RentersWeb/resources/form-3/uploads/2015-03-01-005138.jpg): failed to open stream: No such file or directory in /home/ubuntu/workspace/cflats/campus-flats/RentersWeb/resources/form-3/upload.php on line 19
[19-Jun-2015 15:27:45 UTC] PHP Stack trace:
[19-Jun-2015 15:27:45 UTC] PHP   1. {main}() /home/ubuntu/workspace/cflats/campus-flats/RentersWeb/resources/form-3/upload.php:0
[19-Jun-2015 15:27:45 UTC] PHP   2. move_uploaded_file() /home/ubuntu/workspace/cflats/campus-flats/RentersWeb/resources/form-3/upload.php:19
[19-Jun-2015 15:27:45 UTC] PHP Warning:  move_uploaded_file(): Unable to move '/tmp/phpBLsO1Q' to '/home/ubuntu/workspace/cflats/campus-flats/RentersWeb/resources/form-3/uploads/2015-03-01-005138.jpg' in /home/ubuntu/workspace/cflats/campus-flats/RentersWeb/resources/form-3/upload.php on line 19
[19-Jun-2015 15:27:45 UTC] PHP Stack trace:
[19-Jun-2015 15:27:45 UTC] PHP   1. {main}() /home/ubuntu/workspace/cflats/campus-flats/RentersWeb/resources/form-3/upload.php:0
[19-Jun-2015 15:27:45 UTC] PHP   2. move_uploaded_file() /home/ubuntu/workspace/cflats/campus-flats/RentersWeb/resources/form-3/upload.php:19
[19-Jun-2015 16:12:15 UTC] PHP Fatal error:  Call to a member function real_escaped_string() on a non-object in /home/ubuntu/workspace/cflats/campus-flats/RentersWeb/resources/form-3/login.php on line 28
[19-Jun-2015 16:12:15 UTC] PHP Stack trace:
[19-Jun-2015 16:12:15 UTC] PHP   1. {main}() /home/ubuntu/workspace/cflats/campus-flats/RentersWeb/resources/form-3/login.php:0
[19-Jun-2015 16:12:15 UTC] PHP   2. Login->login() /home/ubuntu/workspace/cflats/campus-flats/RentersWeb/resources/form-3/login.php:37
[19-Jun-2015 16:18:30 UTC] PHP Fatal error:  Call to a member function query() on a non-object in /home/ubuntu/workspace/cflats/campus-flats/RentersWeb/resources/form-3/register.php on line 26
[19-Jun-2015 16:18:30 UTC] PHP Stack trace:
[19-Jun-2015 16:18:30 UTC] PHP   1. {main}() /home/ubuntu/workspace/cflats/campus-flats/RentersWeb/resources/form-3/register.php:0
[19-Jun-2015 16:18:30 UTC] PHP   2. Registration->register() /home/ubuntu/workspace/cflats/campus-flats/RentersWeb/resources/form-3/register.php:43
[19-Jun-2015 16:24:43 UTC] PHP Fatal error:  Call to a member function query() on a non-object in /home/ubuntu/workspace/cflats/campus-flats/RentersWeb/resources/form-3/register.php on line 26
[19-Jun-2015 16:24:43 UTC] PHP Stack trace:
[19-Jun-2015 16:24:43 UTC] PHP   1. {main}() /home/ubuntu/workspace/cflats/campus-flats/RentersWeb/resources/form-3/register.php:0
[19-Jun-2015 16:24:43 UTC] PHP   2. Registration->register() /home/ubuntu/workspace/cflats/campus-flats/RentersWeb/resources/form-3/register.php:43
[19-Jun-2015 16:29:07 UTC] PHP Fatal error:  Call to a member function real_escaped_string() on a non-object in /home/ubuntu/workspace/cflats/campus-flats/RentersWeb/resources/form-3/login.php on line 10
[19-Jun-2015 16:29:07 UTC] PHP Stack trace:
[19-Jun-2015 16:29:07 UTC] PHP   1. {main}() /home/ubuntu/workspace/cflats/campus-flats/RentersWeb/resources/form-3/login.php:0
[19-Jun-2015 16:29:07 UTC] PHP   2. Login->login() /home/ubuntu/workspace/cflats/campus-flats/RentersWeb/resources/form-3/login.php:19
[19-Jun-2015 17:12:59 UTC] PHP Fatal error:  Call to a member function query() on a non-object in /home/ubuntu/workspace/cflats/campus-flats/RentersWeb/resources/form-3/register.php on line 27
[19-Jun-2015 17:12:59 UTC] PHP Stack trace:
[19-Jun-2015 17:12:59 UTC] PHP   1. {main}() /home/ubuntu/workspace/cflats/campus-flats/RentersWeb/resources/form-3/register.php:0
[19-Jun-2015 17:12:59 UTC] PHP   2. Registration->register() /home/ubuntu/workspace/cflats/campus-flats/RentersWeb/resources/form-3/register.php:44
[19-Jun-2015 17:14:28 UTC] PHP Warning:  mysqli::mysqli(): (HY000/2002): No such file or directory in /home/ubuntu/workspace/cflats/campus-flats/RentersWeb/resources/form-3/database.php on line 13
[19-Jun-2015 17:14:28 UTC] PHP Stack trace:
[19-Jun-2015 17:14:28 UTC] PHP   1. {main}() /home/ubuntu/workspace/cflats/campus-flats/RentersWeb/resources/form-3/register.php:0
[19-Jun-2015 17:14:28 UTC] PHP   2. Registration->register() /home/ubuntu/workspace/cflats/campus-flats/RentersWeb/resources/form-3/register.php:45
[19-Jun-2015 17:14:28 UTC] PHP   3. database->connect() /home/ubuntu/workspace/cflats/campus-flats/RentersWeb/resources/form-3/register.php:18
[19-Jun-2015 17:14:28 UTC] PHP   4. mysqli->mysqli() /home/ubuntu/workspace/cflats/campus-flats/RentersWeb/resources/form-3/database.php:13
[19-Jun-2015 17:14:28 UTC] PHP Warning:  mysqli::query(): Couldn't fetch mysqli in /home/ubuntu/workspace/cflats/campus-flats/RentersWeb/resources/form-3/register.php on line 28
[19-Jun-2015 17:14:28 UTC] PHP Stack trace:
[19-Jun-2015 17:14:28 UTC] PHP   1. {main}() /home/ubuntu/workspace/cflats/campus-flats/RentersWeb/resources/form-3/register.php:0
[19-Jun-2015 17:14:28 UTC] PHP   2. Registration->register() /home/ubuntu/workspace/cflats/campus-flats/RentersWeb/resources/form-3/register.php:45
[19-Jun-2015 17:14:28 UTC] PHP   3. mysqli->query() /home/ubuntu/workspace/cflats/campus-flats/RentersWeb/resources/form-3/register.php:28
[19-Jun-2015 17:14:28 UTC] PHP Fatal error:  Call to a member function close() on a non-object in /home/ubuntu/workspace/cflats/campus-flats/RentersWeb/resources/form-3/register.php on line 37
[19-Jun-2015 17:14:28 UTC] PHP Stack trace:
[19-Jun-2015 17:14:28 UTC] PHP   1. {main}() /home/ubuntu/workspace/cflats/campus-flats/RentersWeb/resources/form-3/register.php:0
[19-Jun-2015 17:14:28 UTC] PHP   2. Registration->register() /home/ubuntu/workspace/cflats/campus-flats/RentersWeb/resources/form-3/register.php:45
[19-Jun-2015 17:15:20 UTC] PHP Warning:  mysqli::mysqli(): (HY000/2002): No such file or directory in /home/ubuntu/workspace/cflats/campus-flats/RentersWeb/resources/form-3/database.php on line 13
[19-Jun-2015 17:15:20 UTC] PHP Stack trace:
[19-Jun-2015 17:15:20 UTC] PHP   1. {main}() /home/ubuntu/workspace/cflats/campus-flats/RentersWeb/resources/form-3/register.php:0
[19-Jun-2015 17:15:20 UTC] PHP   2. Registration->register() /home/ubuntu/workspace/cflats/campus-flats/RentersWeb/resources/form-3/register.php:45
[19-Jun-2015 17:15:20 UTC] PHP   3. database->connect() /home/ubuntu/workspace/cflats/campus-flats/RentersWeb/resources/form-3/register.php:18
[19-Jun-2015 17:15:20 UTC] PHP   4. mysqli->mysqli() /home/ubuntu/workspace/cflats/campus-flats/RentersWeb/resources/form-3/database.php:13
[19-Jun-2015 17:15:20 UTC] PHP Warning:  mysqli::query(): Couldn't fetch mysqli in /home/ubuntu/workspace/cflats/campus-flats/RentersWeb/resources/form-3/register.php on line 28
[19-Jun-2015 17:15:20 UTC] PHP Stack trace:
[19-Jun-2015 17:15:20 UTC] PHP   1. {main}() /home/ubuntu/workspace/cflats/campus-flats/RentersWeb/resources/form-3/register.php:0
[19-Jun-2015 17:15:20 UTC] PHP   2. Registration->register() /home/ubuntu/workspace/cflats/campus-flats/RentersWeb/resources/form-3/register.php:45
[19-Jun-2015 17:15:20 UTC] PHP   3. mysqli->query() /home/ubuntu/workspace/cflats/campus-flats/RentersWeb/resources/form-3/register.php:28
[19-Jun-2015 17:15:20 UTC] PHP Fatal error:  Call to a member function close() on a non-object in /home/ubuntu/workspace/cflats/campus-flats/RentersWeb/resources/form-3/register.php on line 37
[19-Jun-2015 17:15:20 UTC] PHP Stack trace:
[19-Jun-2015 17:15:20 UTC] PHP   1. {main}() /home/ubuntu/workspace/cflats/campus-flats/RentersWeb/resources/form-3/register.php:0
[19-Jun-2015 17:15:20 UTC] PHP   2. Registration->register() /home/ubuntu/workspace/cflats/campus-flats/RentersWeb/resources/form-3/register.php:45
[19-Jun-2015 17:15:24 UTC] PHP Warning:  mysqli::mysqli(): (HY000/2002): No such file or directory in /home/ubuntu/workspace/cflats/campus-flats/RentersWeb/resources/form-3/database.php on line 13
[19-Jun-2015 17:15:24 UTC] PHP Stack trace:
[19-Jun-2015 17:15:24 UTC] PHP   1. {main}() /home/ubuntu/workspace/cflats/campus-flats/RentersWeb/resources/form-3/register.php:0
[19-Jun-2015 17:15:24 UTC] PHP   2. Registration->register() /home/ubuntu/workspace/cflats/campus-flats/RentersWeb/resources/form-3/register.php:45
[19-Jun-2015 17:15:24 UTC] PHP   3. database->connect() /home/ubuntu/workspace/cflats/campus-flats/RentersWeb/resources/form-3/register.php:18
[19-Jun-2015 17:15:24 UTC] PHP   4. mysqli->mysqli() /home/ubuntu/workspace/cflats/campus-flats/RentersWeb/resources/form-3/database.php:13
[19-Jun-2015 17:15:24 UTC] PHP Warning:  mysqli::query(): Couldn't fetch mysqli in /home/ubuntu/workspace/cflats/campus-flats/RentersWeb/resources/form-3/register.php on line 28
[19-Jun-2015 17:15:24 UTC] PHP Stack trace:
[19-Jun-2015 17:15:24 UTC] PHP   1. {main}() /home/ubuntu/workspace/cflats/campus-flats/RentersWeb/resources/form-3/register.php:0
[19-Jun-2015 17:15:24 UTC] PHP   2. Registration->register() /home/ubuntu/workspace/cflats/campus-flats/RentersWeb/resources/form-3/register.php:45
[19-Jun-2015 17:15:24 UTC] PHP   3. mysqli->query() /home/ubuntu/workspace/cflats/campus-flats/RentersWeb/resources/form-3/register.php:28
[19-Jun-2015 17:15:24 UTC] PHP Fatal error:  Call to a member function close() on a non-object in /home/ubuntu/workspace/cflats/campus-flats/RentersWeb/resources/form-3/register.php on line 37
[19-Jun-2015 17:15:24 UTC] PHP Stack trace:
[19-Jun-2015 17:15:24 UTC] PHP   1. {main}() /home/ubuntu/workspace/cflats/campus-flats/RentersWeb/resources/form-3/register.php:0
[19-Jun-2015 17:15:24 UTC] PHP   2. Registration->register() /home/ubuntu/workspace/cflats/campus-flats/RentersWeb/resources/form-3/register.php:45
[19-Jun-2015 17:15:24 UTC] PHP Warning:  mysqli::mysqli(): (HY000/2002): No such file or directory in /home/ubuntu/workspace/cflats/campus-flats/RentersWeb/resources/form-3/database.php on line 13
[19-Jun-2015 17:15:24 UTC] PHP Stack trace:
[19-Jun-2015 17:15:24 UTC] PHP   1. {main}() /home/ubuntu/workspace/cflats/campus-flats/RentersWeb/resources/form-3/register.php:0
[19-Jun-2015 17:15:24 UTC] PHP   2. Registration->register() /home/ubuntu/workspace/cflats/campus-flats/RentersWeb/resources/form-3/register.php:45
[19-Jun-2015 17:15:24 UTC] PHP   3. database->connect() /home/ubuntu/workspace/cflats/campus-flats/RentersWeb/resources/form-3/register.php:18
[19-Jun-2015 17:15:24 UTC] PHP   4. mysqli->mysqli() /home/ubuntu/workspace/cflats/campus-flats/RentersWeb/resources/form-3/database.php:13
[19-Jun-2015 17:15:24 UTC] PHP Warning:  mysqli::query(): Couldn't fetch mysqli in /home/ubuntu/workspace/cflats/campus-flats/RentersWeb/resources/form-3/register.php on line 28
[19-Jun-2015 17:15:24 UTC] PHP Stack trace:
[19-Jun-2015 17:15:24 UTC] PHP   1. {main}() /home/ubuntu/workspace/cflats/campus-flats/RentersWeb/resources/form-3/register.php:0
[19-Jun-2015 17:15:24 UTC] PHP   2. Registration->register() /home/ubuntu/workspace/cflats/campus-flats/RentersWeb/resources/form-3/register.php:45
[19-Jun-2015 17:15:24 UTC] PHP   3. mysqli->query() /home/ubuntu/workspace/cflats/campus-flats/RentersWeb/resources/form-3/register.php:28
[19-Jun-2015 17:15:24 UTC] PHP Fatal error:  Call to a member function close() on a non-object in /home/ubuntu/workspace/cflats/campus-flats/RentersWeb/resources/form-3/register.php on line 37
[19-Jun-2015 17:15:24 UTC] PHP Stack trace:
[19-Jun-2015 17:15:24 UTC] PHP   1. {main}() /home/ubuntu/workspace/cflats/campus-flats/RentersWeb/resources/form-3/register.php:0
[19-Jun-2015 17:15:24 UTC] PHP   2. Registration->register() /home/ubuntu/workspace/cflats/campus-flats/RentersWeb/resources/form-3/register.php:45
[19-Jun-2015 17:15:24 UTC] PHP Warning:  mysqli::mysqli(): (HY000/2002): No such file or directory in /home/ubuntu/workspace/cflats/campus-flats/RentersWeb/resources/form-3/database.php on line 13
[19-Jun-2015 17:15:24 UTC] PHP Stack trace:
[19-Jun-2015 17:15:24 UTC] PHP   1. {main}() /home/ubuntu/workspace/cflats/campus-flats/RentersWeb/resources/form-3/register.php:0
[19-Jun-2015 17:15:24 UTC] PHP   2. Registration->register() /home/ubuntu/workspace/cflats/campus-flats/RentersWeb/resources/form-3/register.php:45
[19-Jun-2015 17:15:24 UTC] PHP   3. database->connect() /home/ubuntu/workspace/cflats/campus-flats/RentersWeb/resources/form-3/register.php:18
[19-Jun-2015 17:15:24 UTC] PHP   4. mysqli->mysqli() /home/ubuntu/workspace/cflats/campus-flats/RentersWeb/resources/form-3/database.php:13
[19-Jun-2015 17:15:24 UTC] PHP Warning:  mysqli::query(): Couldn't fetch mysqli in /home/ubuntu/workspace/cflats/campus-flats/RentersWeb/resources/form-3/register.php on line 28
[19-Jun-2015 17:15:24 UTC] PHP Stack trace:
[19-Jun-2015 17:15:24 UTC] PHP   1. {main}() /home/ubuntu/workspace/cflats/campus-flats/RentersWeb/resources/form-3/register.php:0
[19-Jun-2015 17:15:24 UTC] PHP   2. Registration->register() /home/ubuntu/workspace/cflats/campus-flats/RentersWeb/resources/form-3/register.php:45
[19-Jun-2015 17:15:24 UTC] PHP   3. mysqli->query() /home/ubuntu/workspace/cflats/campus-flats/RentersWeb/resources/form-3/register.php:28
[19-Jun-2015 17:15:24 UTC] PHP Fatal error:  Call to a member function close() on a non-object in /home/ubuntu/workspace/cflats/campus-flats/RentersWeb/resources/form-3/register.php on line 37
[19-Jun-2015 17:15:24 UTC] PHP Stack trace:
[19-Jun-2015 17:15:24 UTC] PHP   1. {main}() /home/ubuntu/workspace/cflats/campus-flats/RentersWeb/resources/form-3/register.php:0
[19-Jun-2015 17:15:24 UTC] PHP   2. Registration->register() /home/ubuntu/workspace/cflats/campus-flats/RentersWeb/resources/form-3/register.php:45
[19-Jun-2015 17:15:24 UTC] PHP Warning:  mysqli::mysqli(): (HY000/2002): No such file or directory in /home/ubuntu/workspace/cflats/campus-flats/RentersWeb/resources/form-3/database.php on line 13
[19-Jun-2015 17:15:24 UTC] PHP Stack trace:
[19-Jun-2015 17:15:24 UTC] PHP   1. {main}() /home/ubuntu/workspace/cflats/campus-flats/RentersWeb/resources/form-3/register.php:0
[19-Jun-2015 17:15:24 UTC] PHP   2. Registration->register() /home/ubuntu/workspace/cflats/campus-flats/RentersWeb/resources/form-3/register.php:45
[19-Jun-2015 17:15:24 UTC] PHP   3. database->connect() /home/ubuntu/workspace/cflats/campus-flats/RentersWeb/resources/form-3/register.php:18
[19-Jun-2015 17:15:24 UTC] PHP   4. mysqli->mysqli() /home/ubuntu/workspace/cflats/campus-flats/RentersWeb/resources/form-3/database.php:13
[19-Jun-2015 17:15:24 UTC] PHP Warning:  mysqli::query(): Couldn't fetch mysqli in /home/ubuntu/workspace/cflats/campus-flats/RentersWeb/resources/form-3/register.php on line 28
[19-Jun-2015 17:15:24 UTC] PHP Stack trace:
[19-Jun-2015 17:15:24 UTC] PHP   1. {main}() /home/ubuntu/workspace/cflats/campus-flats/RentersWeb/resources/form-3/register.php:0
[19-Jun-2015 17:15:24 UTC] PHP   2. Registration->register() /home/ubuntu/workspace/cflats/campus-flats/RentersWeb/resources/form-3/register.php:45
[19-Jun-2015 17:15:24 UTC] PHP   3. mysqli->query() /home/ubuntu/workspace/cflats/campus-flats/RentersWeb/resources/form-3/register.php:28
[19-Jun-2015 17:15:24 UTC] PHP Fatal error:  Call to a member function close() on a non-object in /home/ubuntu/workspace/cflats/campus-flats/RentersWeb/resources/form-3/register.php on line 37
[19-Jun-2015 17:15:24 UTC] PHP Stack trace:
[19-Jun-2015 17:15:24 UTC] PHP   1. {main}() /home/ubuntu/workspace/cflats/campus-flats/RentersWeb/resources/form-3/register.php:0
[19-Jun-2015 17:15:24 UTC] PHP   2. Registration->register() /home/ubuntu/workspace/cflats/campus-flats/RentersWeb/resources/form-3/register.php:45
[19-Jun-2015 17:16:27 UTC] PHP Warning:  mysqli::mysqli(): (HY000/2002): No such file or directory in /home/ubuntu/workspace/cflats/campus-flats/RentersWeb/resources/form-3/database.php on line 13
[19-Jun-2015 17:16:27 UTC] PHP Stack trace:
[19-Jun-2015 17:16:27 UTC] PHP   1. {main}() /home/ubuntu/workspace/cflats/campus-flats/RentersWeb/resources/form-3/register.php:0
[19-Jun-2015 17:16:27 UTC] PHP   2. Registration->register() /home/ubuntu/workspace/cflats/campus-flats/RentersWeb/resources/form-3/register.php:45
[19-Jun-2015 17:16:27 UTC] PHP   3. database->connect() /home/ubuntu/workspace/cflats/campus-flats/RentersWeb/resources/form-3/register.php:18
[19-Jun-2015 17:16:27 UTC] PHP   4. mysqli->mysqli() /home/ubuntu/workspace/cflats/campus-flats/RentersWeb/resources/form-3/database.php:13
[19-Jun-2015 17:16:27 UTC] PHP Warning:  mysqli::query(): Couldn't fetch mysqli in /home/ubuntu/workspace/cflats/campus-flats/RentersWeb/resources/form-3/register.php on line 28
[19-Jun-2015 17:16:27 UTC] PHP Stack trace:
[19-Jun-2015 17:16:27 UTC] PHP   1. {main}() /home/ubuntu/workspace/cflats/campus-flats/RentersWeb/resources/form-3/register.php:0
[19-Jun-2015 17:16:27 UTC] PHP   2. Registration->register() /home/ubuntu/workspace/cflats/campus-flats/RentersWeb/resources/form-3/register.php:45
[19-Jun-2015 17:16:27 UTC] PHP   3. mysqli->query() /home/ubuntu/workspace/cflats/campus-flats/RentersWeb/resources/form-3/register.php:28
[19-Jun-2015 17:16:27 UTC] PHP Fatal error:  Call to a member function close() on a non-object in /home/ubuntu/workspace/cflats/campus-flats/RentersWeb/resources/form-3/register.php on line 37
[19-Jun-2015 17:16:27 UTC] PHP Stack trace:
[19-Jun-2015 17:16:27 UTC] PHP   1. {main}() /home/ubuntu/workspace/cflats/campus-flats/RentersWeb/resources/form-3/register.php:0
[19-Jun-2015 17:16:27 UTC] PHP   2. Registration->register() /home/ubuntu/workspace/cflats/campus-flats/RentersWeb/resources/form-3/register.php:45
[19-Jun-2015 17:16:32 UTC] PHP Warning:  mysqli::mysqli(): (HY000/2002): No such file or directory in /home/ubuntu/workspace/cflats/campus-flats/RentersWeb/resources/form-3/database.php on line 13
[19-Jun-2015 17:16:32 UTC] PHP Stack trace:
[19-Jun-2015 17:16:32 UTC] PHP   1. {main}() /home/ubuntu/workspace/cflats/campus-flats/RentersWeb/resources/form-3/register.php:0
[19-Jun-2015 17:16:32 UTC] PHP   2. Registration->register() /home/ubuntu/workspace/cflats/campus-flats/RentersWeb/resources/form-3/register.php:45
[19-Jun-2015 17:16:32 UTC] PHP   3. database->connect() /home/ubuntu/workspace/cflats/campus-flats/RentersWeb/resources/form-3/register.php:18
[19-Jun-2015 17:16:32 UTC] PHP   4. mysqli->mysqli() /home/ubuntu/workspace/cflats/campus-flats/RentersWeb/resources/form-3/database.php:13
[19-Jun-2015 17:16:32 UTC] PHP Warning:  mysqli::query(): Couldn't fetch mysqli in /home/ubuntu/workspace/cflats/campus-flats/RentersWeb/resources/form-3/register.php on line 28
[19-Jun-2015 17:16:32 UTC] PHP Stack trace:
[19-Jun-2015 17:16:32 UTC] PHP   1. {main}() /home/ubuntu/workspace/cflats/campus-flats/RentersWeb/resources/form-3/register.php:0
[19-Jun-2015 17:16:32 UTC] PHP   2. Registration->register() /home/ubuntu/workspace/cflats/campus-flats/RentersWeb/resources/form-3/register.php:45
[19-Jun-2015 17:16:32 UTC] PHP   3. mysqli->query() /home/ubuntu/workspace/cflats/campus-flats/RentersWeb/resources/form-3/register.php:28
[19-Jun-2015 17:16:32 UTC] PHP Fatal error:  Call to a member function close() on a non-object in /home/ubuntu/workspace/cflats/campus-flats/RentersWeb/resources/form-3/register.php on line 37
[19-Jun-2015 17:16:32 UTC] PHP Stack trace:
[19-Jun-2015 17:16:32 UTC] PHP   1. {main}() /home/ubuntu/workspace/cflats/campus-flats/RentersWeb/resources/form-3/register.php:0
[19-Jun-2015 17:16:32 UTC] PHP   2. Registration->register() /home/ubuntu/workspace/cflats/campus-flats/RentersWeb/resources/form-3/register.php:45
[19-Jun-2015 17:18:02 UTC] PHP Warning:  mysqli::mysqli(): (HY000/2002): No such file or directory in /home/ubuntu/workspace/cflats/campus-flats/RentersWeb/resources/form-3/database.php on line 13
[19-Jun-2015 17:18:02 UTC] PHP Stack trace:
[19-Jun-2015 17:18:02 UTC] PHP   1. {main}() /home/ubuntu/workspace/cflats/campus-flats/RentersWeb/resources/form-3/register.php:0
[19-Jun-2015 17:18:02 UTC] PHP   2. Registration->register() /home/ubuntu/workspace/cflats/campus-flats/RentersWeb/resources/form-3/register.php:45
[19-Jun-2015 17:18:02 UTC] PHP   3. database->connect() /home/ubuntu/workspace/cflats/campus-flats/RentersWeb/resources/form-3/register.php:18
[19-Jun-2015 17:18:02 UTC] PHP   4. mysqli->mysqli() /home/ubuntu/workspace/cflats/campus-flats/RentersWeb/resources/form-3/database.php:13
[19-Jun-2015 17:18:02 UTC] PHP Warning:  mysqli::query(): Couldn't fetch mysqli in /home/ubuntu/workspace/cflats/campus-flats/RentersWeb/resources/form-3/register.php on line 28
[19-Jun-2015 17:18:02 UTC] PHP Stack trace:
[19-Jun-2015 17:18:02 UTC] PHP   1. {main}() /home/ubuntu/workspace/cflats/campus-flats/RentersWeb/resources/form-3/register.php:0
[19-Jun-2015 17:18:02 UTC] PHP   2. Registration->register() /home/ubuntu/workspace/cflats/campus-flats/RentersWeb/resources/form-3/register.php:45
[19-Jun-2015 17:18:02 UTC] PHP   3. mysqli->query() /home/ubuntu/workspace/cflats/campus-flats/RentersWeb/resources/form-3/register.php:28
[19-Jun-2015 17:18:02 UTC] PHP Fatal error:  Call to a member function close() on a non-object in /home/ubuntu/workspace/cflats/campus-flats/RentersWeb/resources/form-3/register.php on line 37
[19-Jun-2015 17:18:02 UTC] PHP Stack trace:
[19-Jun-2015 17:18:02 UTC] PHP   1. {main}() /home/ubuntu/workspace/cflats/campus-flats/RentersWeb/resources/form-3/register.php:0
[19-Jun-2015 17:18:02 UTC] PHP   2. Registration->register() /home/ubuntu/workspace/cflats/campus-flats/RentersWeb/resources/form-3/register.php:45
[19-Jun-2015 17:18:05 UTC] PHP Warning:  mysqli::mysqli(): (HY000/2002): No such file or directory in /home/ubuntu/workspace/cflats/campus-flats/RentersWeb/resources/form-3/database.php on line 13
[19-Jun-2015 17:18:05 UTC] PHP Stack trace:
[19-Jun-2015 17:18:05 UTC] PHP   1. {main}() /home/ubuntu/workspace/cflats/campus-flats/RentersWeb/resources/form-3/register.php:0
[19-Jun-2015 17:18:05 UTC] PHP   2. Registration->register() /home/ubuntu/workspace/cflats/campus-flats/RentersWeb/resources/form-3/register.php:45
[19-Jun-2015 17:18:05 UTC] PHP   3. database->connect() /home/ubuntu/workspace/cflats/campus-flats/RentersWeb/resources/form-3/register.php:18
[19-Jun-2015 17:18:05 UTC] PHP   4. mysqli->mysqli() /home/ubuntu/workspace/cflats/campus-flats/RentersWeb/resources/form-3/database.php:13
[19-Jun-2015 17:18:05 UTC] PHP Warning:  mysqli::query(): Couldn't fetch mysqli in /home/ubuntu/workspace/cflats/campus-flats/RentersWeb/resources/form-3/register.php on line 28
[19-Jun-2015 17:18:05 UTC] PHP Stack trace:
[19-Jun-2015 17:18:05 UTC] PHP   1. {main}() /home/ubuntu/workspace/cflats/campus-flats/RentersWeb/resources/form-3/register.php:0
[19-Jun-2015 17:18:05 UTC] PHP   2. Registration->register() /home/ubuntu/workspace/cflats/campus-flats/RentersWeb/resources/form-3/register.php:45
[19-Jun-2015 17:18:05 UTC] PHP   3. mysqli->query() /home/ubuntu/workspace/cflats/campus-flats/RentersWeb/resources/form-3/register.php:28
[19-Jun-2015 17:18:05 UTC] PHP Fatal error:  Call to a member function close() on a non-object in /home/ubuntu/workspace/cflats/campus-flats/RentersWeb/resources/form-3/register.php on line 37
[19-Jun-2015 17:18:05 UTC] PHP Stack trace:
[19-Jun-2015 17:18:05 UTC] PHP   1. {main}() /home/ubuntu/workspace/cflats/campus-flats/RentersWeb/resources/form-3/register.php:0
[19-Jun-2015 17:18:05 UTC] PHP   2. Registration->register() /home/ubuntu/workspace/cflats/campus-flats/RentersWeb/resources/form-3/register.php:45
[19-Jun-2015 17:18:06 UTC] PHP Warning:  mysqli::mysqli(): (HY000/2002): No such file or directory in /home/ubuntu/workspace/cflats/campus-flats/RentersWeb/resources/form-3/database.php on line 13
[19-Jun-2015 17:18:06 UTC] PHP Stack trace:
[19-Jun-2015 17:18:06 UTC] PHP   1. {main}() /home/ubuntu/workspace/cflats/campus-flats/RentersWeb/resources/form-3/register.php:0
[19-Jun-2015 17:18:06 UTC] PHP   2. Registration->register() /home/ubuntu/workspace/cflats/campus-flats/RentersWeb/resources/form-3/register.php:45
[19-Jun-2015 17:18:06 UTC] PHP   3. database->connect() /home/ubuntu/workspace/cflats/campus-flats/RentersWeb/resources/form-3/register.php:18
[19-Jun-2015 17:18:06 UTC] PHP   4. mysqli->mysqli() /home/ubuntu/workspace/cflats/campus-flats/RentersWeb/resources/form-3/database.php:13
[19-Jun-2015 17:18:06 UTC] PHP Warning:  mysqli::query(): Couldn't fetch mysqli in /home/ubuntu/workspace/cflats/campus-flats/RentersWeb/resources/form-3/register.php on line 28
[19-Jun-2015 17:18:06 UTC] PHP Stack trace:
[19-Jun-2015 17:18:06 UTC] PHP   1. {main}() /home/ubuntu/workspace/cflats/campus-flats/RentersWeb/resources/form-3/register.php:0
[19-Jun-2015 17:18:06 UTC] PHP   2. Registration->register() /home/ubuntu/workspace/cflats/campus-flats/RentersWeb/resources/form-3/register.php:45
[19-Jun-2015 17:18:06 UTC] PHP   3. mysqli->query() /home/ubuntu/workspace/cflats/campus-flats/RentersWeb/resources/form-3/register.php:28
[19-Jun-2015 17:18:06 UTC] PHP Fatal error:  Call to a member function close() on a non-object in /home/ubuntu/workspace/cflats/campus-flats/RentersWeb/resources/form-3/register.php on line 37
[19-Jun-2015 17:18:06 UTC] PHP Stack trace:
[19-Jun-2015 17:18:06 UTC] PHP   1. {main}() /home/ubuntu/workspace/cflats/campus-flats/RentersWeb/resources/form-3/register.php:0
[19-Jun-2015 17:18:06 UTC] PHP   2. Registration->register() /home/ubuntu/workspace/cflats/campus-flats/RentersWeb/resources/form-3/register.php:45
[19-Jun-2015 17:19:58 UTC] PHP Warning:  mysqli::mysqli(): (HY000/2002): No such file or directory in /home/ubuntu/workspace/cflats/campus-flats/RentersWeb/resources/form-3/database.php on line 13
[19-Jun-2015 17:19:58 UTC] PHP Stack trace:
[19-Jun-2015 17:19:58 UTC] PHP   1. {main}() /home/ubuntu/workspace/cflats/campus-flats/RentersWeb/resources/form-3/register.php:0
[19-Jun-2015 17:19:58 UTC] PHP   2. Registration->register() /home/ubuntu/workspace/cflats/campus-flats/RentersWeb/resources/form-3/register.php:27
[19-Jun-2015 17:19:58 UTC] PHP   3. database->connect() /home/ubuntu/workspace/cflats/campus-flats/RentersWeb/resources/form-3/register.php:18
[19-Jun-2015 17:19:58 UTC] PHP   4. mysqli->mysqli() /home/ubuntu/workspace/cflats/campus-flats/RentersWeb/resources/form-3/database.php:13
[19-Jun-2015 18:03:24 UTC] PHP Warning:  mysqli::mysqli(): (HY000/2002): No such file or directory in /home/ubuntu/workspace/cflats/campus-flats/RentersWeb/resources/form-3/database.php on line 13
[19-Jun-2015 18:03:24 UTC] PHP Stack trace:
[19-Jun-2015 18:03:24 UTC] PHP   1. {main}() /home/ubuntu/workspace/cflats/campus-flats/RentersWeb/resources/form-3/database.php:0
[19-Jun-2015 18:03:24 UTC] PHP   2. database->connect() /home/ubuntu/workspace/cflats/campus-flats/RentersWeb/resources/form-3/database.php:26
[19-Jun-2015 18:03:24 UTC] PHP   3. mysqli->mysqli() /home/ubuntu/workspace/cflats/campus-flats/RentersWeb/resources/form-3/database.php:13
[19-Jun-2015 18:04:01 UTC] PHP Warning:  mysqli::mysqli(): (HY000/2002): No such file or directory in /home/ubuntu/workspace/cflats/campus-flats/RentersWeb/resources/form-3/database.php on line 13
[19-Jun-2015 18:04:01 UTC] PHP Stack trace:
[19-Jun-2015 18:04:01 UTC] PHP   1. {main}() /home/ubuntu/workspace/cflats/campus-flats/RentersWeb/resources/form-3/database.php:0
[19-Jun-2015 18:04:01 UTC] PHP   2. database->connect() /home/ubuntu/workspace/cflats/campus-flats/RentersWeb/resources/form-3/database.php:26
[19-Jun-2015 18:04:01 UTC] PHP   3. mysqli->mysqli() /home/ubuntu/workspace/cflats/campus-flats/RentersWeb/resources/form-3/database.php:13
[19-Jun-2015 18:05:45 UTC] PHP Fatal error:  Class 'mysqli_connect' not found in /home/ubuntu/workspace/cflats/campus-flats/RentersWeb/resources/form-3/database.php on line 13
[19-Jun-2015 18:05:45 UTC] PHP Stack trace:
[19-Jun-2015 18:05:45 UTC] PHP   1. {main}() /home/ubuntu/workspace/cflats/campus-flats/RentersWeb/resources/form-3/database.php:0
[19-Jun-2015 18:05:45 UTC] PHP   2. database->connect() /home/ubuntu/workspace/cflats/campus-flats/RentersWeb/resources/form-3/database.php:26
[19-Jun-2015 21:42:22 UTC] PHP Warning:  mysqli_errno() expects exactly 1 parameter, 0 given in /home/ubuntu/workspace/cflats/campus-flats/RentersWeb/resources/form-3/login.php on line 31
[19-Jun-2015 21:42:22 UTC] PHP Stack trace:
[19-Jun-2015 21:42:22 UTC] PHP   1. {main}() /home/ubuntu/workspace/cflats/campus-flats/RentersWeb/resources/form-3/login.php:0
[19-Jun-2015 21:42:22 UTC] PHP   2. Login->login() /home/ubuntu/workspace/cflats/campus-flats/RentersWeb/resources/form-3/login.php:37
[19-Jun-2015 21:42:22 UTC] PHP   3. mysqli_errno() /home/ubuntu/workspace/cflats/campus-flats/RentersWeb/resources/form-3/login.php:31
[19-Jun-2015 21:43:09 UTC] PHP Parse error:  syntax error, unexpected '}' in /home/ubuntu/workspace/cflats/campus-flats/RentersWeb/resources/form-3/login.php on line 33
[19-Jun-2015 21:51:37 UTC] PHP Warning:  mysqli_num_rows() expects parameter 1 to be mysqli_result, boolean given in /home/ubuntu/workspace/cflats/campus-flats/RentersWeb/resources/form-3/login.php on line 32
[19-Jun-2015 21:51:37 UTC] PHP Stack trace:
[19-Jun-2015 21:51:37 UTC] PHP   1. {main}() /home/ubuntu/workspace/cflats/campus-flats/RentersWeb/resources/form-3/login.php:0
[19-Jun-2015 21:51:37 UTC] PHP   2. Login->login() /home/ubuntu/workspace/cflats/campus-flats/RentersWeb/resources/form-3/login.php:39
[19-Jun-2015 21:51:37 UTC] PHP   3. mysqli_num_rows() /home/ubuntu/workspace/cflats/campus-flats/RentersWeb/resources/form-3/login.php:32
[19-Jun-2015 21:51:37 UTC] PHP Warning:  mysqli_num_rows() expects parameter 1 to be mysqli_result, boolean given in /home/ubuntu/workspace/cflats/campus-flats/RentersWeb/resources/form-3/login.php on line 32
[19-Jun-2015 21:51:37 UTC] PHP Stack trace:
[19-Jun-2015 21:51:37 UTC] PHP   1. {main}() /home/ubuntu/workspace/cflats/campus-flats/RentersWeb/resources/form-3/login.php:0
[19-Jun-2015 21:51:37 UTC] PHP   2. Login->login() /home/ubuntu/workspace/cflats/campus-flats/RentersWeb/resources/form-3/login.php:40
[19-Jun-2015 21:51:37 UTC] PHP   3. mysqli_num_rows() /home/ubuntu/workspace/cflats/campus-flats/RentersWeb/resources/form-3/login.php:32
[19-Jun-2015 21:53:05 UTC] PHP Warning:  mysqli_num_rows() expects parameter 1 to be mysqli_result, boolean given in /home/ubuntu/workspace/cflats/campus-flats/RentersWeb/resources/form-3/login.php on line 32
[19-Jun-2015 21:53:05 UTC] PHP Stack trace:
[19-Jun-2015 21:53:05 UTC] PHP   1. {main}() /home/ubuntu/workspace/cflats/campus-flats/RentersWeb/resources/form-3/login.php:0
[19-Jun-2015 21:53:05 UTC] PHP   2. Login->login() /home/ubuntu/workspace/cflats/campus-flats/RentersWeb/resources/form-3/login.php:39
[19-Jun-2015 21:53:05 UTC] PHP   3. mysqli_num_rows() /home/ubuntu/workspace/cflats/campus-flats/RentersWeb/resources/form-3/login.php:32
[19-Jun-2015 21:53:05 UTC] PHP Warning:  mysqli_num_rows() expects parameter 1 to be mysqli_result, boolean given in /home/ubuntu/workspace/cflats/campus-flats/RentersWeb/resources/form-3/login.php on line 32
[19-Jun-2015 21:53:05 UTC] PHP Stack trace:
[19-Jun-2015 21:53:05 UTC] PHP   1. {main}() /home/ubuntu/workspace/cflats/campus-flats/RentersWeb/resources/form-3/login.php:0
[19-Jun-2015 21:53:05 UTC] PHP   2. Login->login() /home/ubuntu/workspace/cflats/campus-flats/RentersWeb/resources/form-3/login.php:40
[19-Jun-2015 21:53:05 UTC] PHP   3. mysqli_num_rows() /home/ubuntu/workspace/cflats/campus-flats/RentersWeb/resources/form-3/login.php:32
[19-Jun-2015 21:57:06 UTC] PHP Warning:  mysql_query(): No such file or directory in /home/ubuntu/workspace/cflats/campus-flats/RentersWeb/resources/form-3/login.php on line 31
[19-Jun-2015 21:57:06 UTC] PHP Stack trace:
[19-Jun-2015 21:57:06 UTC] PHP   1. {main}() /home/ubuntu/workspace/cflats/campus-flats/RentersWeb/resources/form-3/login.php:0
[19-Jun-2015 21:57:06 UTC] PHP   2. Login->login() /home/ubuntu/workspace/cflats/campus-flats/RentersWeb/resources/form-3/login.php:39
[19-Jun-2015 21:57:06 UTC] PHP   3. mysql_query() /home/ubuntu/workspace/cflats/campus-flats/RentersWeb/resources/form-3/login.php:31
[19-Jun-2015 21:57:06 UTC] PHP Warning:  mysql_query(): A link to the server could not be established in /home/ubuntu/workspace/cflats/campus-flats/RentersWeb/resources/form-3/login.php on line 31
[19-Jun-2015 21:57:06 UTC] PHP Stack trace:
[19-Jun-2015 21:57:06 UTC] PHP   1. {main}() /home/ubuntu/workspace/cflats/campus-flats/RentersWeb/resources/form-3/login.php:0
[19-Jun-2015 21:57:06 UTC] PHP   2. Login->login() /home/ubuntu/workspace/cflats/campus-flats/RentersWeb/resources/form-3/login.php:39
[19-Jun-2015 21:57:06 UTC] PHP   3. mysql_query() /home/ubuntu/workspace/cflats/campus-flats/RentersWeb/resources/form-3/login.php:31
[19-Jun-2015 21:57:06 UTC] PHP Warning:  mysql_query(): No such file or directory in /home/ubuntu/workspace/cflats/campus-flats/RentersWeb/resources/form-3/login.php on line 31
[19-Jun-2015 21:57:06 UTC] PHP Stack trace:
[19-Jun-2015 21:57:06 UTC] PHP   1. {main}() /home/ubuntu/workspace/cflats/campus-flats/RentersWeb/resources/form-3/login.php:0
[19-Jun-2015 21:57:06 UTC] PHP   2. Login->login() /home/ubuntu/workspace/cflats/campus-flats/RentersWeb/resources/form-3/login.php:40
[19-Jun-2015 21:57:06 UTC] PHP   3. mysql_query() /home/ubuntu/workspace/cflats/campus-flats/RentersWeb/resources/form-3/login.php:31
[19-Jun-2015 21:57:06 UTC] PHP Warning:  mysql_query(): A link to the server could not be established in /home/ubuntu/workspace/cflats/campus-flats/RentersWeb/resources/form-3/login.php on line 31
[19-Jun-2015 21:57:06 UTC] PHP Stack trace:
[19-Jun-2015 21:57:06 UTC] PHP   1. {main}() /home/ubuntu/workspace/cflats/campus-flats/RentersWeb/resources/form-3/login.php:0
[19-Jun-2015 21:57:06 UTC] PHP   2. Login->login() /home/ubuntu/workspace/cflats/campus-flats/RentersWeb/resources/form-3/login.php:40
[19-Jun-2015 21:57:06 UTC] PHP   3. mysql_query() /home/ubuntu/workspace/cflats/campus-flats/RentersWeb/resources/form-3/login.php:31
[19-Jun-2015 21:57:51 UTC] PHP Warning:  mysql_query() expects parameter 1 to be string, object given in /home/ubuntu/workspace/cflats/campus-flats/RentersWeb/resources/form-3/login.php on line 31
[19-Jun-2015 21:57:51 UTC] PHP Stack trace:
[19-Jun-2015 21:57:51 UTC] PHP   1. {main}() /home/ubuntu/workspace/cflats/campus-flats/RentersWeb/resources/form-3/login.php:0
[19-Jun-2015 21:57:51 UTC] PHP   2. Login->login() /home/ubuntu/workspace/cflats/campus-flats/RentersWeb/resources/form-3/login.php:39
[19-Jun-2015 21:57:51 UTC] PHP   3. mysql_query() /home/ubuntu/workspace/cflats/campus-flats/RentersWeb/resources/form-3/login.php:31
[19-Jun-2015 21:57:51 UTC] PHP Warning:  mysql_query() expects parameter 1 to be string, object given in /home/ubuntu/workspace/cflats/campus-flats/RentersWeb/resources/form-3/login.php on line 31
[19-Jun-2015 21:57:51 UTC] PHP Stack trace:
[19-Jun-2015 21:57:51 UTC] PHP   1. {main}() /home/ubuntu/workspace/cflats/campus-flats/RentersWeb/resources/form-3/login.php:0
[19-Jun-2015 21:57:51 UTC] PHP   2. Login->login() /home/ubuntu/workspace/cflats/campus-flats/RentersWeb/resources/form-3/login.php:40
[19-Jun-2015 21:57:51 UTC] PHP   3. mysql_query() /home/ubuntu/workspace/cflats/campus-flats/RentersWeb/resources/form-3/login.php:31
[20-Jun-2015 17:15:27 UTC] PHP Warning:  mysqli::query() expects parameter 1 to be string, object given in /home/ubuntu/workspace/cflats/campus-flats/RentersWeb/resources/form-3/login.php on line 31
[20-Jun-2015 17:15:27 UTC] PHP Stack trace:
[20-Jun-2015 17:15:27 UTC] PHP   1. {main}() /home/ubuntu/workspace/cflats/campus-flats/RentersWeb/resources/form-3/login.php:0
[20-Jun-2015 17:15:27 UTC] PHP   2. Login->login() /home/ubuntu/workspace/cflats/campus-flats/RentersWeb/resources/form-3/login.php:39
[20-Jun-2015 17:15:27 UTC] PHP   3. mysqli->query() /home/ubuntu/workspace/cflats/campus-flats/RentersWeb/resources/form-3/login.php:31
[20-Jun-2015 17:15:27 UTC] PHP Warning:  mysqli::query() expects parameter 1 to be string, object given in /home/ubuntu/workspace/cflats/campus-flats/RentersWeb/resources/form-3/login.php on line 31
[20-Jun-2015 17:15:27 UTC] PHP Stack trace:
[20-Jun-2015 17:15:27 UTC] PHP   1. {main}() /home/ubuntu/workspace/cflats/campus-flats/RentersWeb/resources/form-3/login.php:0
[20-Jun-2015 17:15:27 UTC] PHP   2. Login->login() /home/ubuntu/workspace/cflats/campus-flats/RentersWeb/resources/form-3/login.php:40
[20-Jun-2015 17:15:27 UTC] PHP   3. mysqli->query() /home/ubuntu/workspace/cflats/campus-flats/RentersWeb/resources/form-3/login.php:31
[20-Jun-2015 17:17:35 UTC] PHP Fatal error:  Call to a member function fetch_array() on a non-object in /home/ubuntu/workspace/cflats/campus-flats/RentersWeb/resources/form-3/login.php on line 32
[20-Jun-2015 17:17:35 UTC] PHP Stack trace:
[20-Jun-2015 17:17:35 UTC] PHP   1. {main}() /home/ubuntu/workspace/cflats/campus-flats/RentersWeb/resources/form-3/login.php:0
[20-Jun-2015 17:17:35 UTC] PHP   2. Login->login() /home/ubuntu/workspace/cflats/campus-flats/RentersWeb/resources/form-3/login.php:40
[20-Jun-2015 17:43:03 UTC] PHP Parse error:  syntax error, unexpected ';' in /home/ubuntu/workspace/cflats/campus-flats/RentersWeb/resources/form-3/profile.php on line 39
[26-Jun-2015 20:35:22 UTC] PHP Parse error:  syntax error, unexpected '<' in /home/ubuntu/workspace/cflats/campus-flats/RentersWeb/resources/form-3/profile.php on line 46
[29-Jun-2015 20:39:07 UTC] PHP Warning:  mysql_fetch_array() expects parameter 1 to be resource, string given in /home/ubuntu/workspace/cflats/campus-flats/RentersWeb/resources/form-3/upload.php on line 33
[29-Jun-2015 20:39:07 UTC] PHP Stack trace:
[29-Jun-2015 20:39:07 UTC] PHP   1. {main}() /home/ubuntu/workspace/cflats/campus-flats/RentersWeb/resources/form-3/upload.php:0
[29-Jun-2015 20:39:07 UTC] PHP   2. mysql_fetch_array() /home/ubuntu/workspace/cflats/campus-flats/RentersWeb/resources/form-3/upload.php:33
[29-Jun-2015 20:57:27 UTC] PHP Warning:  printf(): Too few arguments in /home/ubuntu/workspace/cflats/campus-flats/RentersWeb/resources/form-3/upload.php on line 34
[29-Jun-2015 20:57:27 UTC] PHP Stack trace:
[29-Jun-2015 20:57:27 UTC] PHP   1. {main}() /home/ubuntu/workspace/cflats/campus-flats/RentersWeb/resources/form-3/upload.php:0
[29-Jun-2015 20:57:27 UTC] PHP   2. printf() /home/ubuntu/workspace/cflats/campus-flats/RentersWeb/resources/form-3/upload.php:34
[29-Jun-2015 20:57:27 UTC] PHP Warning:  printf(): Too few arguments in /home/ubuntu/workspace/cflats/campus-flats/RentersWeb/resources/form-3/upload.php on line 34
[29-Jun-2015 20:57:27 UTC] PHP Stack trace:
[29-Jun-2015 20:57:27 UTC] PHP   1. {main}() /home/ubuntu/workspace/cflats/campus-flats/RentersWeb/resources/form-3/upload.php:0
[29-Jun-2015 20:57:27 UTC] PHP   2. printf() /home/ubuntu/workspace/cflats/campus-flats/RentersWeb/resources/form-3/upload.php:34
[29-Jun-2015 20:57:27 UTC] PHP Warning:  printf(): Too few arguments in /home/ubuntu/workspace/cflats/campus-flats/RentersWeb/resources/form-3/upload.php on line 34
[29-Jun-2015 20:57:27 UTC] PHP Stack trace:
[29-Jun-2015 20:57:27 UTC] PHP   1. {main}() /home/ubuntu/workspace/cflats/campus-flats/RentersWeb/resources/form-3/upload.php:0
[29-Jun-2015 20:57:27 UTC] PHP   2. printf() /home/ubuntu/workspace/cflats/campus-flats/RentersWeb/resources/form-3/upload.php:34
[02-Jul-2015 23:08:55 UTC] PHP Warning:  mysqli_fetch_row() expects parameter 1 to be mysqli_result, boolean given in /home/ubuntu/workspace/cflats/campus-flats/RentersWeb/resources/form-3/profile.php on line 26
[02-Jul-2015 23:08:55 UTC] PHP Stack trace:
[02-Jul-2015 23:08:55 UTC] PHP   1. {main}() /home/ubuntu/workspace/cflats/campus-flats/RentersWeb/resources/form-3/profile.php:0
[02-Jul-2015 23:08:55 UTC] PHP   2. mysqli_fetch_row() /home/ubuntu/workspace/cflats/campus-flats/RentersWeb/resources/form-3/profile.php:26
[03-Jul-2015 03:05:15 UTC] PHP Warning:  mysqli_fetch_row() expects parameter 1 to be mysqli_result, boolean given in /home/ubuntu/workspace/cflats/campus-flats/RentersWeb/resources/form-3/profile.php on line 26
[03-Jul-2015 03:05:15 UTC] PHP Stack trace:
[03-Jul-2015 03:05:15 UTC] PHP   1. {main}() /home/ubuntu/workspace/cflats/campus-flats/RentersWeb/resources/form-3/profile.php:0
[03-Jul-2015 03:05:15 UTC] PHP   2. mysqli_fetch_row() /home/ubuntu/workspace/cflats/campus-flats/RentersWeb/resources/form-3/profile.php:26
[03-Jul-2015 03:17:29 UTC] PHP Warning:  mysqli_fetch_row() expects parameter 1 to be mysqli_result, boolean given in /home/ubuntu/workspace/cflats/campus-flats/RentersWeb/resources/form-3/profile.php on line 26
[03-Jul-2015 03:17:29 UTC] PHP Stack trace:
[03-Jul-2015 03:17:29 UTC] PHP   1. {main}() /home/ubuntu/workspace/cflats/campus-flats/RentersWeb/resources/form-3/profile.php:0
[03-Jul-2015 03:17:29 UTC] PHP   2. mysqli_fetch_row() /home/ubuntu/workspace/cflats/campus-flats/RentersWeb/resources/form-3/profile.php:26
[03-Jul-2015 03:17:56 UTC] PHP Warning:  mysqli_fetch_row() expects parameter 1 to be mysqli_result, boolean given in /home/ubuntu/workspace/cflats/campus-flats/RentersWeb/resources/form-3/profile.php on line 26
[03-Jul-2015 03:17:56 UTC] PHP Stack trace:
[03-Jul-2015 03:17:56 UTC] PHP   1. {main}() /home/ubuntu/workspace/cflats/campus-flats/RentersWeb/resources/form-3/profile.php:0
[03-Jul-2015 03:17:56 UTC] PHP   2. mysqli_fetch_row() /home/ubuntu/workspace/cflats/campus-flats/RentersWeb/resources/form-3/profile.php:26
[03-Jul-2015 12:28:41 UTC] PHP Warning:  mysqli_fetch_row() expects parameter 1 to be mysqli_result, boolean given in /home/ubuntu/workspace/cflats/campus-flats/RentersWeb/resources/form-3/profile.php on line 26
[03-Jul-2015 12:28:41 UTC] PHP Stack trace:
[03-Jul-2015 12:28:41 UTC] PHP   1. {main}() /home/ubuntu/workspace/cflats/campus-flats/RentersWeb/resources/form-3/profile.php:0
[03-Jul-2015 12:28:41 UTC] PHP   2. mysqli_fetch_row() /home/ubuntu/workspace/cflats/campus-flats/RentersWeb/resources/form-3/profile.php:26
[03-Jul-2015 16:20:30 UTC] PHP Warning:  mysqli_fetch_row() expects parameter 1 to be mysqli_result, boolean given in /home/ubuntu/workspace/cflats/campus-flats/RentersWeb/resources/form-3/profile.php on line 26
[03-Jul-2015 16:20:30 UTC] PHP Stack trace:
[03-Jul-2015 16:20:30 UTC] PHP   1. {main}() /home/ubuntu/workspace/cflats/campus-flats/RentersWeb/resources/form-3/profile.php:0
[03-Jul-2015 16:20:30 UTC] PHP   2. mysqli_fetch_row() /home/ubuntu/workspace/cflats/campus-flats/RentersWeb/resources/form-3/profile.php:26
[03-Jul-2015 16:34:55 UTC] PHP Warning:  mysqli_fetch_row() expects parameter 1 to be mysqli_result, boolean given in /home/ubuntu/workspace/cflats/campus-flats/RentersWeb/resources/form-3/profile.php on line 26
[03-Jul-2015 16:34:55 UTC] PHP Stack trace:
[03-Jul-2015 16:34:55 UTC] PHP   1. {main}() /home/ubuntu/workspace/cflats/campus-flats/RentersWeb/resources/form-3/profile.php:0
[03-Jul-2015 16:34:55 UTC] PHP   2. mysqli_fetch_row() /home/ubuntu/workspace/cflats/campus-flats/RentersWeb/resources/form-3/profile.php:26
[04-Jul-2015 03:21:18 UTC] PHP Warning:  mysqli_fetch_row() expects parameter 1 to be mysqli_result, boolean given in /home/ubuntu/workspace/cflats/campus-flats/RentersWeb/resources/form-3/profile.php on line 26
[04-Jul-2015 03:21:18 UTC] PHP Stack trace:
[04-Jul-2015 03:21:18 UTC] PHP   1. {main}() /home/ubuntu/workspace/cflats/campus-flats/RentersWeb/resources/form-3/profile.php:0
[04-Jul-2015 03:21:18 UTC] PHP   2. mysqli_fetch_row() /home/ubuntu/workspace/cflats/campus-flats/RentersWeb/resources/form-3/profile.php:26
[04-Jul-2015 17:49:25 UTC] PHP Warning:  mysqli_fetch_row() expects parameter 1 to be mysqli_result, boolean given in /home/ubuntu/workspace/cflats/campus-flats/RentersWeb/resources/form-3/profile.php on line 26
[04-Jul-2015 17:49:25 UTC] PHP Stack trace:
[04-Jul-2015 17:49:25 UTC] PHP   1. {main}() /home/ubuntu/workspace/cflats/campus-flats/RentersWeb/resources/form-3/profile.php:0
[04-Jul-2015 17:49:25 UTC] PHP   2. mysqli_fetch_row() /home/ubuntu/workspace/cflats/campus-flats/RentersWeb/resources/form-3/profile.php:26
[04-Jul-2015 17:52:50 UTC] PHP Warning:  mysqli_fetch_row() expects parameter 1 to be mysqli_result, boolean given in /home/ubuntu/workspace/cflats/campus-flats/RentersWeb/resources/form-3/profile.php on line 26
[04-Jul-2015 17:52:50 UTC] PHP Stack trace:
[04-Jul-2015 17:52:50 UTC] PHP   1. {main}() /home/ubuntu/workspace/cflats/campus-flats/RentersWeb/resources/form-3/profile.php:0
[04-Jul-2015 17:52:50 UTC] PHP   2. mysqli_fetch_row() /home/ubuntu/workspace/cflats/campus-flats/RentersWeb/resources/form-3/profile.php:26
[04-Jul-2015 17:53:45 UTC] PHP Warning:  mysqli_fetch_row() expects parameter 1 to be mysqli_result, boolean given in /home/ubuntu/workspace/cflats/campus-flats/RentersWeb/resources/form-3/profile.php on line 26
[04-Jul-2015 17:53:45 UTC] PHP Stack trace:
[04-Jul-2015 17:53:45 UTC] PHP   1. {main}() /home/ubuntu/workspace/cflats/campus-flats/RentersWeb/resources/form-3/profile.php:0
[04-Jul-2015 17:53:45 UTC] PHP   2. mysqli_fetch_row() /home/ubuntu/workspace/cflats/campus-flats/RentersWeb/resources/form-3/profile.php:26
[04-Jul-2015 17:54:46 UTC] PHP Warning:  mysqli_fetch_row() expects parameter 1 to be mysqli_result, boolean given in /home/ubuntu/workspace/cflats/campus-flats/RentersWeb/resources/form-3/profile.php on line 26
[04-Jul-2015 17:54:46 UTC] PHP Stack trace:
[04-Jul-2015 17:54:46 UTC] PHP   1. {main}() /home/ubuntu/workspace/cflats/campus-flats/RentersWeb/resources/form-3/profile.php:0
[04-Jul-2015 17:54:46 UTC] PHP   2. mysqli_fetch_row() /home/ubuntu/workspace/cflats/campus-flats/RentersWeb/resources/form-3/profile.php:26
[04-Jul-2015 17:56:37 UTC] PHP Warning:  mysqli_fetch_row() expects parameter 1 to be mysqli_result, boolean given in /home/ubuntu/workspace/cflats/campus-flats/RentersWeb/resources/form-3/profile.php on line 26
[04-Jul-2015 17:56:37 UTC] PHP Stack trace:
[04-Jul-2015 17:56:37 UTC] PHP   1. {main}() /home/ubuntu/workspace/cflats/campus-flats/RentersWeb/resources/form-3/profile.php:0
[04-Jul-2015 17:56:37 UTC] PHP   2. mysqli_fetch_row() /home/ubuntu/workspace/cflats/campus-flats/RentersWeb/resources/form-3/profile.php:26
[04-Jul-2015 18:01:10 UTC] PHP Warning:  mysqli_fetch_row() expects parameter 1 to be mysqli_result, boolean given in /home/ubuntu/workspace/cflats/campus-flats/RentersWeb/resources/form-3/profile.php on line 26
[04-Jul-2015 18:01:10 UTC] PHP Stack trace:
[04-Jul-2015 18:01:10 UTC] PHP   1. {main}() /home/ubuntu/workspace/cflats/campus-flats/RentersWeb/resources/form-3/profile.php:0
[04-Jul-2015 18:01:10 UTC] PHP   2. mysqli_fetch_row() /home/ubuntu/workspace/cflats/campus-flats/RentersWeb/resources/form-3/profile.php:26
[04-Jul-2015 18:14:13 UTC] PHP Warning:  mysqli_fetch_row() expects parameter 1 to be mysqli_result, boolean given in /home/ubuntu/workspace/cflats/campus-flats/RentersWeb/resources/form-3/profile.php on line 30
[04-Jul-2015 18:14:13 UTC] PHP Stack trace:
[04-Jul-2015 18:14:13 UTC] PHP   1. {main}() /home/ubuntu/workspace/cflats/campus-flats/RentersWeb/resources/form-3/profile.php:0
[04-Jul-2015 18:14:13 UTC] PHP   2. mysqli_fetch_row() /home/ubuntu/workspace/cflats/campus-flats/RentersWeb/resources/form-3/profile.php:30
[04-Jul-2015 18:14:22 UTC] PHP Warning:  mysqli_fetch_row() expects parameter 1 to be mysqli_result, boolean given in /home/ubuntu/workspace/cflats/campus-flats/RentersWeb/resources/form-3/profile.php on line 30
[04-Jul-2015 18:14:22 UTC] PHP Stack trace:
[04-Jul-2015 18:14:22 UTC] PHP   1. {main}() /home/ubuntu/workspace/cflats/campus-flats/RentersWeb/resources/form-3/profile.php:0
[04-Jul-2015 18:14:22 UTC] PHP   2. mysqli_fetch_row() /home/ubuntu/workspace/cflats/campus-flats/RentersWeb/resources/form-3/profile.php:30
[04-Jul-2015 23:54:27 UTC] PHP Warning:  mysqli_fetch_row() expects parameter 1 to be mysqli_result, boolean given in /home/ubuntu/workspace/cflats/campus-flats/RentersWeb/resources/form-3/profile.php on line 30
[04-Jul-2015 23:54:27 UTC] PHP Stack trace:
[04-Jul-2015 23:54:27 UTC] PHP   1. {main}() /home/ubuntu/workspace/cflats/campus-flats/RentersWeb/resources/form-3/profile.php:0
[04-Jul-2015 23:54:27 UTC] PHP   2. mysqli_fetch_row() /home/ubuntu/workspace/cflats/campus-flats/RentersWeb/resources/form-3/profile.php:30
[04-Jul-2015 23:55:55 UTC] PHP Warning:  mysqli_fetch_row() expects parameter 1 to be mysqli_result, boolean given in /home/ubuntu/workspace/cflats/campus-flats/RentersWeb/resources/form-3/profile.php on line 30
[04-Jul-2015 23:55:55 UTC] PHP Stack trace:
[04-Jul-2015 23:55:55 UTC] PHP   1. {main}() /home/ubuntu/workspace/cflats/campus-flats/RentersWeb/resources/form-3/profile.php:0
[04-Jul-2015 23:55:55 UTC] PHP   2. mysqli_fetch_row() /home/ubuntu/workspace/cflats/campus-flats/RentersWeb/resources/form-3/profile.php:30
[04-Jul-2015 23:56:13 UTC] PHP Warning:  mysqli_fetch_row() expects parameter 1 to be mysqli_result, boolean given in /home/ubuntu/workspace/cflats/campus-flats/RentersWeb/resources/form-3/profile.php on line 30
[04-Jul-2015 23:56:13 UTC] PHP Stack trace:
[04-Jul-2015 23:56:13 UTC] PHP   1. {main}() /home/ubuntu/workspace/cflats/campus-flats/RentersWeb/resources/form-3/profile.php:0
[04-Jul-2015 23:56:13 UTC] PHP   2. mysqli_fetch_row() /home/ubuntu/workspace/cflats/campus-flats/RentersWeb/resources/form-3/profile.php:30
[04-Jul-2015 23:56:31 UTC] PHP Warning:  mysqli_fetch_row() expects parameter 1 to be mysqli_result, boolean given in /home/ubuntu/workspace/cflats/campus-flats/RentersWeb/resources/form-3/profile.php on line 30
[04-Jul-2015 23:56:31 UTC] PHP Stack trace:
[04-Jul-2015 23:56:31 UTC] PHP   1. {main}() /home/ubuntu/workspace/cflats/campus-flats/RentersWeb/resources/form-3/profile.php:0
[04-Jul-2015 23:56:31 UTC] PHP   2. mysqli_fetch_row() /home/ubuntu/workspace/cflats/campus-flats/RentersWeb/resources/form-3/profile.php:30
[05-Jul-2015 21:16:14 UTC] PHP Warning:  mysqli_fetch_row() expects parameter 1 to be mysqli_result, boolean given in /home/ubuntu/workspace/cflats/campus-flats/RentersWeb/resources/form-3/profile.php on line 30
[05-Jul-2015 21:16:14 UTC] PHP Stack trace:
[05-Jul-2015 21:16:14 UTC] PHP   1. {main}() /home/ubuntu/workspace/cflats/campus-flats/RentersWeb/resources/form-3/profile.php:0
[05-Jul-2015 21:16:14 UTC] PHP   2. mysqli_fetch_row() /home/ubuntu/workspace/cflats/campus-flats/RentersWeb/resources/form-3/profile.php:30
[06-Jul-2015 23:03:49 UTC] PHP Warning:  mysqli_fetch_row() expects parameter 1 to be mysqli_result, boolean given in /home/ubuntu/workspace/cflats/campus-flats/RentersWeb/resources/form-3/profile.php on line 30
[06-Jul-2015 23:03:49 UTC] PHP Stack trace:
[06-Jul-2015 23:03:49 UTC] PHP   1. {main}() /home/ubuntu/workspace/cflats/campus-flats/RentersWeb/resources/form-3/profile.php:0
[06-Jul-2015 23:03:49 UTC] PHP   2. mysqli_fetch_row() /home/ubuntu/workspace/cflats/campus-flats/RentersWeb/resources/form-3/profile.php:30
[07-Jul-2015 16:51:49 UTC] PHP Warning:  mysqli_fetch_row() expects parameter 1 to be mysqli_result, boolean given in /home/ubuntu/workspace/cflats/campus-flats/RentersWeb/resources/form-3/profile.php on line 30
[07-Jul-2015 16:51:49 UTC] PHP Stack trace:
[07-Jul-2015 16:51:49 UTC] PHP   1. {main}() /home/ubuntu/workspace/cflats/campus-flats/RentersWeb/resources/form-3/profile.php:0
[07-Jul-2015 16:51:49 UTC] PHP   2. mysqli_fetch_row() /home/ubuntu/workspace/cflats/campus-flats/RentersWeb/resources/form-3/profile.php:30
[07-Jul-2015 16:51:50 UTC] PHP Warning:  mysqli_fetch_row() expects parameter 1 to be mysqli_result, boolean given in /home/ubuntu/workspace/cflats/campus-flats/RentersWeb/resources/form-3/profile.php on line 30
[07-Jul-2015 16:51:50 UTC] PHP Stack trace:
[07-Jul-2015 16:51:50 UTC] PHP   1. {main}() /home/ubuntu/workspace/cflats/campus-flats/RentersWeb/resources/form-3/profile.php:0
[07-Jul-2015 16:51:50 UTC] PHP   2. mysqli_fetch_row() /home/ubuntu/workspace/cflats/campus-flats/RentersWeb/resources/form-3/profile.php:30
[07-Jul-2015 16:52:17 UTC] PHP Warning:  mysqli_fetch_row() expects parameter 1 to be mysqli_result, boolean given in /home/ubuntu/workspace/cflats/campus-flats/RentersWeb/resources/form-3/profile.php on line 30
[07-Jul-2015 16:52:17 UTC] PHP Stack trace:
[07-Jul-2015 16:52:17 UTC] PHP   1. {main}() /home/ubuntu/workspace/cflats/campus-flats/RentersWeb/resources/form-3/profile.php:0
[07-Jul-2015 16:52:17 UTC] PHP   2. mysqli_fetch_row() /home/ubuntu/workspace/cflats/campus-flats/RentersWeb/resources/form-3/profile.php:30
[07-Jul-2015 16:52:18 UTC] PHP Warning:  mysqli_fetch_row() expects parameter 1 to be mysqli_result, boolean given in /home/ubuntu/workspace/cflats/campus-flats/RentersWeb/resources/form-3/profile.php on line 30
[07-Jul-2015 16:52:18 UTC] PHP Stack trace:
[07-Jul-2015 16:52:18 UTC] PHP   1. {main}() /home/ubuntu/workspace/cflats/campus-flats/RentersWeb/resources/form-3/profile.php:0
[07-Jul-2015 16:52:18 UTC] PHP   2. mysqli_fetch_row() /home/ubuntu/workspace/cflats/campus-flats/RentersWeb/resources/form-3/profile.php:30
[07-Jul-2015 22:22:40 UTC] PHP Warning:  mysqli_fetch_row() expects parameter 1 to be mysqli_result, boolean given in /home/ubuntu/workspace/cflats/campus-flats/RentersWeb/resources/form-3/profile.php on line 30
[07-Jul-2015 22:22:40 UTC] PHP Stack trace:
[07-Jul-2015 22:22:40 UTC] PHP   1. {main}() /home/ubuntu/workspace/cflats/campus-flats/RentersWeb/resources/form-3/profile.php:0
[07-Jul-2015 22:22:40 UTC] PHP   2. mysqli_fetch_row() /home/ubuntu/workspace/cflats/campus-flats/RentersWeb/resources/form-3/profile.php:30
[08-Jul-2015 01:46:55 UTC] PHP Warning:  mysqli_fetch_row() expects parameter 1 to be mysqli_result, boolean given in /home/ubuntu/workspace/cflats/campus-flats/RentersWeb/resources/form-3/profile.php on line 30
[08-Jul-2015 01:46:55 UTC] PHP Stack trace:
[08-Jul-2015 01:46:55 UTC] PHP   1. {main}() /home/ubuntu/workspace/cflats/campus-flats/RentersWeb/resources/form-3/profile.php:0
[08-Jul-2015 01:46:55 UTC] PHP   2. mysqli_fetch_row() /home/ubuntu/workspace/cflats/campus-flats/RentersWeb/resources/form-3/profile.php:30
[08-Jul-2015 18:29:00 UTC] PHP Warning:  mysqli_fetch_row() expects parameter 1 to be mysqli_result, boolean given in /home/ubuntu/workspace/cflats/campus-flats/RentersWeb/resources/form-3/profile.php on line 30
[08-Jul-2015 18:29:00 UTC] PHP Stack trace:
[08-Jul-2015 18:29:00 UTC] PHP   1. {main}() /home/ubuntu/workspace/cflats/campus-flats/RentersWeb/resources/form-3/profile.php:0
[08-Jul-2015 18:29:00 UTC] PHP   2. mysqli_fetch_row() /home/ubuntu/workspace/cflats/campus-flats/RentersWeb/resources/form-3/profile.php:30
[08-Jul-2015 23:36:33 UTC] PHP Warning:  mysqli_fetch_row() expects parameter 1 to be mysqli_result, boolean given in /home/ubuntu/workspace/cflats/campus-flats/RentersWeb/resources/form-3/profile.php on line 30
[08-Jul-2015 23:36:33 UTC] PHP Stack trace:
[08-Jul-2015 23:36:33 UTC] PHP   1. {main}() /home/ubuntu/workspace/cflats/campus-flats/RentersWeb/resources/form-3/profile.php:0
[08-Jul-2015 23:36:33 UTC] PHP   2. mysqli_fetch_row() /home/ubuntu/workspace/cflats/campus-flats/RentersWeb/resources/form-3/profile.php:30
[10-Jul-2015 14:19:24 UTC] PHP Warning:  mysqli_fetch_row() expects parameter 1 to be mysqli_result, boolean given in /home/ubuntu/workspace/cflats/campus-flats/RentersWeb/resources/form-3/profile.php on line 30
[10-Jul-2015 14:19:24 UTC] PHP Stack trace:
[10-Jul-2015 14:19:24 UTC] PHP   1. {main}() /home/ubuntu/workspace/cflats/campus-flats/RentersWeb/resources/form-3/profile.php:0
[10-Jul-2015 14:19:24 UTC] PHP   2. mysqli_fetch_row() /home/ubuntu/workspace/cflats/campus-flats/RentersWeb/resources/form-3/profile.php:30
[10-Jul-2015 17:23:10 UTC] PHP Warning:  mysqli_fetch_row() expects parameter 1 to be mysqli_result, boolean given in /home/ubuntu/workspace/cflats/campus-flats/RentersWeb/resources/form-3/profile.php on line 30
[10-Jul-2015 17:23:10 UTC] PHP Stack trace:
[10-Jul-2015 17:23:10 UTC] PHP   1. {main}() /home/ubuntu/workspace/cflats/campus-flats/RentersWeb/resources/form-3/profile.php:0
[10-Jul-2015 17:23:10 UTC] PHP   2. mysqli_fetch_row() /home/ubuntu/workspace/cflats/campus-flats/RentersWeb/resources/form-3/profile.php:30
[10-Jul-2015 20:58:12 UTC] PHP Warning:  mysqli_fetch_row() expects parameter 1 to be mysqli_result, boolean given in /home/ubuntu/workspace/cflats/campus-flats/RentersWeb/resources/form-3/profile.php on line 30
[10-Jul-2015 20:58:12 UTC] PHP Stack trace:
[10-Jul-2015 20:58:12 UTC] PHP   1. {main}() /home/ubuntu/workspace/cflats/campus-flats/RentersWeb/resources/form-3/profile.php:0
[10-Jul-2015 20:58:12 UTC] PHP   2. mysqli_fetch_row() /home/ubuntu/workspace/cflats/campus-flats/RentersWeb/resources/form-3/profile.php:30
[11-Jul-2015 18:13:01 UTC] PHP Warning:  mysqli_fetch_row() expects parameter 1 to be mysqli_result, boolean given in /home/ubuntu/workspace/cflats/campus-flats/RentersWeb/resources/form-3/profile.php on line 30
[11-Jul-2015 18:13:01 UTC] PHP Stack trace:
[11-Jul-2015 18:13:01 UTC] PHP   1. {main}() /home/ubuntu/workspace/cflats/campus-flats/RentersWeb/resources/form-3/profile.php:0
[11-Jul-2015 18:13:01 UTC] PHP   2. mysqli_fetch_row() /home/ubuntu/workspace/cflats/campus-flats/RentersWeb/resources/form-3/profile.php:30
[11-Jul-2015 19:31:54 UTC] PHP Warning:  mysqli_fetch_row() expects parameter 1 to be mysqli_result, boolean given in /home/ubuntu/workspace/cflats/campus-flats/RentersWeb/resources/form-3/profile.php on line 30
[11-Jul-2015 19:31:54 UTC] PHP Stack trace:
[11-Jul-2015 19:31:54 UTC] PHP   1. {main}() /home/ubuntu/workspace/cflats/campus-flats/RentersWeb/resources/form-3/profile.php:0
[11-Jul-2015 19:31:54 UTC] PHP   2. mysqli_fetch_row() /home/ubuntu/workspace/cflats/campus-flats/RentersWeb/resources/form-3/profile.php:30
[13-Jul-2015 19:26:51 UTC] PHP Warning:  mysqli_fetch_row() expects parameter 1 to be mysqli_result, boolean given in /home/ubuntu/workspace/cflats/campus-flats/RentersWeb/resources/form-3/profile.php on line 30
[13-Jul-2015 19:26:51 UTC] PHP Stack trace:
[13-Jul-2015 19:26:51 UTC] PHP   1. {main}() /home/ubuntu/workspace/cflats/campus-flats/RentersWeb/resources/form-3/profile.php:0
[13-Jul-2015 19:26:51 UTC] PHP   2. mysqli_fetch_row() /home/ubuntu/workspace/cflats/campus-flats/RentersWeb/resources/form-3/profile.php:30
[13-Jul-2015 19:42:38 UTC] PHP Parse error:  syntax error, unexpected end of file in /home/ubuntu/workspace/cflats/campus-flats/RentersWeb/resources/form-3/register.php on line 68
[13-Jul-2015 19:42:54 UTC] PHP Parse error:  syntax error, unexpected end of file in /home/ubuntu/workspace/cflats/campus-flats/RentersWeb/resources/form-3/register.php on line 68
[13-Jul-2015 19:43:18 UTC] PHP Parse error:  syntax error, unexpected end of file in /home/ubuntu/workspace/cflats/campus-flats/RentersWeb/resources/form-3/register.php on line 68
[13-Jul-2015 19:44:05 UTC] PHP Parse error:  syntax error, unexpected end of file in /home/ubuntu/workspace/cflats/campus-flats/RentersWeb/resources/form-3/register.php on line 68
[13-Jul-2015 20:11:23 UTC] PHP Warning:  mysqli_fetch_row() expects parameter 1 to be mysqli_result, boolean given in /home/ubuntu/workspace/cflats/campus-flats/RentersWeb/resources/form-3/profile.php on line 30
[13-Jul-2015 20:11:23 UTC] PHP Stack trace:
[13-Jul-2015 20:11:23 UTC] PHP   1. {main}() /home/ubuntu/workspace/cflats/campus-flats/RentersWeb/resources/form-3/profile.php:0
[13-Jul-2015 20:11:23 UTC] PHP   2. mysqli_fetch_row() /home/ubuntu/workspace/cflats/campus-flats/RentersWeb/resources/form-3/profile.php:30
[13-Jul-2015 20:11:23 UTC] PHP Warning:  mysqli_fetch_row() expects parameter 1 to be mysqli_result, boolean given in /home/ubuntu/workspace/cflats/campus-flats/RentersWeb/resources/form-3/profile.php on line 30
[13-Jul-2015 20:11:23 UTC] PHP Stack trace:
[13-Jul-2015 20:11:23 UTC] PHP   1. {main}() /home/ubuntu/workspace/cflats/campus-flats/RentersWeb/resources/form-3/profile.php:0
[13-Jul-2015 20:11:23 UTC] PHP   2. mysqli_fetch_row() /home/ubuntu/workspace/cflats/campus-flats/RentersWeb/resources/form-3/profile.php:30
[13-Jul-2015 20:31:37 UTC] PHP Parse error:  syntax error, unexpected '}' in /home/ubuntu/workspace/cflats/campus-flats/RentersWeb/resources/form-3/register.php on line 45
[13-Jul-2015 20:31:45 UTC] PHP Parse error:  syntax error, unexpected '}' in /home/ubuntu/workspace/cflats/campus-flats/RentersWeb/resources/form-3/register.php on line 45
[13-Jul-2015 20:36:51 UTC] PHP Warning:  mysqli_fetch_row() expects parameter 1 to be mysqli_result, boolean given in /home/ubuntu/workspace/cflats/campus-flats/RentersWeb/resources/form-3/profile.php on line 30
[13-Jul-2015 20:36:51 UTC] PHP Stack trace:
[13-Jul-2015 20:36:51 UTC] PHP   1. {main}() /home/ubuntu/workspace/cflats/campus-flats/RentersWeb/resources/form-3/profile.php:0
[13-Jul-2015 20:36:51 UTC] PHP   2. mysqli_fetch_row() /home/ubuntu/workspace/cflats/campus-flats/RentersWeb/resources/form-3/profile.php:30
[13-Jul-2015 20:37:57 UTC] PHP Warning:  mysqli_fetch_row() expects parameter 1 to be mysqli_result, boolean given in /home/ubuntu/workspace/cflats/campus-flats/RentersWeb/resources/form-3/profile.php on line 30
[13-Jul-2015 20:37:57 UTC] PHP Stack trace:
[13-Jul-2015 20:37:57 UTC] PHP   1. {main}() /home/ubuntu/workspace/cflats/campus-flats/RentersWeb/resources/form-3/profile.php:0
[13-Jul-2015 20:37:57 UTC] PHP   2. mysqli_fetch_row() /home/ubuntu/workspace/cflats/campus-flats/RentersWeb/resources/form-3/profile.php:30
[13-Jul-2015 20:39:11 UTC] PHP Warning:  mysqli_fetch_row() expects parameter 1 to be mysqli_result, boolean given in /home/ubuntu/workspace/cflats/campus-flats/RentersWeb/resources/form-3/profile.php on line 30
[13-Jul-2015 20:39:11 UTC] PHP Stack trace:
[13-Jul-2015 20:39:11 UTC] PHP   1. {main}() /home/ubuntu/workspace/cflats/campus-flats/RentersWeb/resources/form-3/profile.php:0
[13-Jul-2015 20:39:11 UTC] PHP   2. mysqli_fetch_row() /home/ubuntu/workspace/cflats/campus-flats/RentersWeb/resources/form-3/profile.php:30
[13-Jul-2015 21:08:52 UTC] PHP Warning:  mysqli_fetch_row() expects parameter 1 to be mysqli_result, boolean given in /home/ubuntu/workspace/cflats/campus-flats/RentersWeb/resources/form-3/profile.php on line 30
[13-Jul-2015 21:08:52 UTC] PHP Stack trace:
[13-Jul-2015 21:08:52 UTC] PHP   1. {main}() /home/ubuntu/workspace/cflats/campus-flats/RentersWeb/resources/form-3/profile.php:0
[13-Jul-2015 21:08:52 UTC] PHP   2. mysqli_fetch_row() /home/ubuntu/workspace/cflats/campus-flats/RentersWeb/resources/form-3/profile.php:30
[13-Jul-2015 21:22:19 UTC] PHP Warning:  mysqli_fetch_row() expects parameter 1 to be mysqli_result, boolean given in /home/ubuntu/workspace/cflats/campus-flats/RentersWeb/resources/form-3/profile.php on line 30
[13-Jul-2015 21:22:19 UTC] PHP Stack trace:
[13-Jul-2015 21:22:19 UTC] PHP   1. {main}() /home/ubuntu/workspace/cflats/campus-flats/RentersWeb/resources/form-3/profile.php:0
[13-Jul-2015 21:22:19 UTC] PHP   2. mysqli_fetch_row() /home/ubuntu/workspace/cflats/campus-flats/RentersWeb/resources/form-3/profile.php:30
[14-Jul-2015 16:43:38 UTC] PHP Warning:  mysqli_fetch_row() expects parameter 1 to be mysqli_result, boolean given in /home/ubuntu/workspace/cflats/campus-flats/RentersWeb/resources/form-3/profile.php on line 30
[14-Jul-2015 16:43:38 UTC] PHP Stack trace:
[14-Jul-2015 16:43:38 UTC] PHP   1. {main}() /home/ubuntu/workspace/cflats/campus-flats/RentersWeb/resources/form-3/profile.php:0
[14-Jul-2015 16:43:38 UTC] PHP   2. mysqli_fetch_row() /home/ubuntu/workspace/cflats/campus-flats/RentersWeb/resources/form-3/profile.php:30
[14-Jul-2015 21:36:30 UTC] PHP Warning:  mysqli_fetch_row() expects parameter 1 to be mysqli_result, boolean given in /home/ubuntu/workspace/cflats/campus-flats/RentersWeb/resources/form-3/profile.php on line 30
[14-Jul-2015 21:36:30 UTC] PHP Stack trace:
[14-Jul-2015 21:36:30 UTC] PHP   1. {main}() /home/ubuntu/workspace/cflats/campus-flats/RentersWeb/resources/form-3/profile.php:0
[14-Jul-2015 21:36:30 UTC] PHP   2. mysqli_fetch_row() /home/ubuntu/workspace/cflats/campus-flats/RentersWeb/resources/form-3/profile.php:30
[16-Jul-2015 01:01:03 UTC] PHP Warning:  mysqli_fetch_row() expects parameter 1 to be mysqli_result, boolean given in /home/ubuntu/workspace/cflats/campus-flats/RentersWeb/resources/form-3/profile.php on line 30
[16-Jul-2015 01:01:03 UTC] PHP Stack trace:
[16-Jul-2015 01:01:03 UTC] PHP   1. {main}() /home/ubuntu/workspace/cflats/campus-flats/RentersWeb/resources/form-3/profile.php:0
[16-Jul-2015 01:01:03 UTC] PHP   2. mysqli_fetch_row() /home/ubuntu/workspace/cflats/campus-flats/RentersWeb/resources/form-3/profile.php:30
[16-Jul-2015 01:01:03 UTC] PHP Warning:  mysqli_fetch_row() expects parameter 1 to be mysqli_result, boolean given in /home/ubuntu/workspace/cflats/campus-flats/RentersWeb/resources/form-3/profile.php on line 30
[16-Jul-2015 01:01:03 UTC] PHP Stack trace:
[16-Jul-2015 01:01:03 UTC] PHP   1. {main}() /home/ubuntu/workspace/cflats/campus-flats/RentersWeb/resources/form-3/profile.php:0
[16-Jul-2015 01:01:03 UTC] PHP   2. mysqli_fetch_row() /home/ubuntu/workspace/cflats/campus-flats/RentersWeb/resources/form-3/profile.php:30
[16-Jul-2015 15:59:40 UTC] PHP Warning:  mysqli_fetch_row() expects parameter 1 to be mysqli_result, boolean given in /home/ubuntu/workspace/cflats/campus-flats/RentersWeb/resources/form-3/profile.php on line 30
[16-Jul-2015 15:59:40 UTC] PHP Stack trace:
[16-Jul-2015 15:59:40 UTC] PHP   1. {main}() /home/ubuntu/workspace/cflats/campus-flats/RentersWeb/resources/form-3/profile.php:0
[16-Jul-2015 15:59:40 UTC] PHP   2. mysqli_fetch_row() /home/ubuntu/workspace/cflats/campus-flats/RentersWeb/resources/form-3/profile.php:30
[16-Jul-2015 21:32:33 UTC] PHP Fatal error:  Cannot use isset() on the result of an expression (you can use "null !== expression" instead) in /home/ubuntu/workspace/cflats/campus-flats/RentersWeb/resources/form-3/coords.php on line 21
[16-Jul-2015 21:41:00 UTC] PHP Parse error:  syntax error, unexpected ';' in /home/ubuntu/workspace/cflats/campus-flats/RentersWeb/resources/form-3/coords.php on line 33
[16-Jul-2015 21:41:59 UTC] PHP Parse error:  syntax error, unexpected ';' in /home/ubuntu/workspace/cflats/campus-flats/RentersWeb/resources/form-3/coords.php on line 33
[17-Jul-2015 18:42:10 UTC] PHP Warning:  mysqli_fetch_row() expects parameter 1 to be mysqli_result, boolean given in /home/ubuntu/workspace/cflats/campus-flats/RentersWeb/resources/form-3/profile.php on line 30
[17-Jul-2015 18:42:11 UTC] PHP Stack trace:
[17-Jul-2015 18:42:11 UTC] PHP   1. {main}() /home/ubuntu/workspace/cflats/campus-flats/RentersWeb/resources/form-3/profile.php:0
[17-Jul-2015 18:42:11 UTC] PHP   2. mysqli_fetch_row() /home/ubuntu/workspace/cflats/campus-flats/RentersWeb/resources/form-3/profile.php:30
[18-Jul-2015 16:40:27 UTC] PHP Warning:  mysqli_fetch_row() expects parameter 1 to be mysqli_result, boolean given in /home/ubuntu/workspace/cflats/campus-flats/RentersWeb/resources/form-3/profile.php on line 30
[18-Jul-2015 16:40:27 UTC] PHP Stack trace:
[18-Jul-2015 16:40:27 UTC] PHP   1. {main}() /home/ubuntu/workspace/cflats/campus-flats/RentersWeb/resources/form-3/profile.php:0
[18-Jul-2015 16:40:27 UTC] PHP   2. mysqli_fetch_row() /home/ubuntu/workspace/cflats/campus-flats/RentersWeb/resources/form-3/profile.php:30
